mode: set
run-script-service/mocks/filesystem.go:26.42,30.2 1 0
run-script-service/mocks/filesystem.go:33.90,34.28 1 0
run-script-service/mocks/filesystem.go:34.28,36.3 1 0
run-script-service/mocks/filesystem.go:37.2,38.12 2 0
run-script-service/mocks/filesystem.go:42.68,43.27 1 0
run-script-service/mocks/filesystem.go:43.27,45.3 1 0
run-script-service/mocks/filesystem.go:46.2,46.47 1 0
run-script-service/mocks/filesystem.go:46.47,48.3 1 0
run-script-service/mocks/filesystem.go:49.2,49.28 1 0
run-script-service/mocks/filesystem.go:53.94,56.2 1 0
run-script-service/mocks/filesystem.go:59.65,60.23 1 0
run-script-service/mocks/filesystem.go:60.23,62.3 1 0
run-script-service/mocks/filesystem.go:63.2,63.40 1 0
run-script-service/mocks/filesystem.go:63.40,65.3 1 0
run-script-service/mocks/filesystem.go:66.2,66.28 1 0
run-script-service/mocks/filesystem.go:73.44,73.61 1 0
run-script-service/mocks/filesystem.go:74.44,74.56 1 0
run-script-service/mocks/filesystem.go:75.44,75.59 1 0
run-script-service/mocks/filesystem.go:76.44,76.66 1 0
run-script-service/mocks/filesystem.go:77.44,77.60 1 0
run-script-service/mocks/filesystem.go:78.44,78.58 1 0
run-script-service/mocks/filesystem.go:93.30,95.2 1 1
run-script-service/mocks/filesystem.go:98.46,100.2 1 1
run-script-service/mocks/filesystem.go:103.36,104.24 1 1
run-script-service/mocks/filesystem.go:104.24,106.3 1 1
run-script-service/mocks/filesystem.go:107.2,107.19 1 1
run-script-service/mocks/filesystem.go:111.44,113.2 0 1
run-script-service/mocks/filesystem.go:116.60,121.2 3 1
run-script-service/main.go:27.112,30.19 2 1
run-script-service/main.go:30.19,32.3 1 1
run-script-service/main.go:34.2,36.17 2 1
run-script-service/main.go:37.13,40.21 2 1
run-script-service/main.go:41.22,42.21 1 1
run-script-service/main.go:42.21,45.4 1 1
run-script-service/main.go:46.3,47.17 2 1
run-script-service/main.go:47.17,50.4 1 1
run-script-service/main.go:51.3,51.51 1 1
run-script-service/main.go:51.51,54.4 1 0
run-script-service/main.go:55.3,55.53 1 1
run-script-service/main.go:56.21,58.53 2 1
run-script-service/main.go:59.20,60.47 1 1
run-script-service/main.go:61.22,62.39 1 1
run-script-service/main.go:63.23,64.21 1 1
run-script-service/main.go:64.21,67.4 1 0
run-script-service/main.go:68.3,68.49 1 1
run-script-service/main.go:69.24,70.21 1 1
run-script-service/main.go:70.21,73.4 1 0
run-script-service/main.go:74.3,74.50 1 1
run-script-service/main.go:75.23,76.21 1 1
run-script-service/main.go:76.21,79.4 1 0
run-script-service/main.go:80.3,80.49 1 1
run-script-service/main.go:81.20,82.21 1 1
run-script-service/main.go:82.21,85.4 1 0
run-script-service/main.go:86.3,86.46 1 1
run-script-service/main.go:87.14,88.42 1 1
run-script-service/main.go:89.20,90.47 1 1
run-script-service/main.go:91.22,92.21 1 1
run-script-service/main.go:92.21,95.4 1 0
run-script-service/main.go:96.3,96.47 1 1
run-script-service/main.go:97.16,98.20 1 0
run-script-service/main.go:98.20,101.4 1 0
run-script-service/main.go:102.3,102.50 1 0
run-script-service/main.go:103.10,107.89 2 1
run-script-service/main.go:111.13,114.16 2 0
run-script-service/main.go:114.16,116.3 1 0
run-script-service/main.go:116.8,118.3 1 0
run-script-service/main.go:120.2,126.16 6 0
run-script-service/main.go:126.16,129.3 2 0
run-script-service/main.go:131.2,131.29 1 0
run-script-service/main.go:131.29,132.21 1 0
run-script-service/main.go:132.21,134.4 1 0
run-script-service/main.go:134.9,136.4 1 0
run-script-service/main.go:140.39,150.12 6 0
run-script-service/main.go:150.12,153.3 2 0
run-script-service/main.go:156.2,156.9 1 0
run-script-service/main.go:157.17,161.9 4 0
run-script-service/main.go:162.14,162.14 0 0
run-script-service/main.go:167.47,171.16 3 0
run-script-service/main.go:171.16,174.3 2 0
run-script-service/main.go:177.2,177.25 1 0
run-script-service/main.go:177.25,179.3 1 0
run-script-service/main.go:182.2,193.16 7 0
run-script-service/main.go:193.16,197.3 3 0
run-script-service/main.go:199.2,210.32 7 0
run-script-service/main.go:213.53,214.23 1 1
run-script-service/main.go:214.23,216.3 1 1
run-script-service/main.go:218.2,222.16 4 1
run-script-service/main.go:222.16,225.22 2 1
run-script-service/main.go:225.22,227.4 1 1
run-script-service/main.go:228.3,228.17 1 0
run-script-service/main.go:228.17,230.4 1 0
run-script-service/main.go:231.3,231.21 1 0
run-script-service/main.go:234.2,234.16 1 1
run-script-service/main.go:235.11,236.16 1 1
run-script-service/main.go:236.16,238.4 1 1
run-script-service/main.go:239.3,239.20 1 1
run-script-service/main.go:240.11,241.16 1 1
run-script-service/main.go:241.16,243.4 1 0
run-script-service/main.go:244.3,244.25 1 1
run-script-service/main.go:245.11,246.16 1 1
run-script-service/main.go:246.16,248.4 1 0
run-script-service/main.go:249.3,249.27 1 1
run-script-service/main.go:250.10,253.17 2 1
run-script-service/main.go:253.17,255.4 1 1
run-script-service/main.go:256.3,256.17 1 1
run-script-service/main.go:256.17,258.4 1 0
run-script-service/main.go:259.3,259.21 1 1
run-script-service/main.go:264.65,267.27 2 1
run-script-service/main.go:267.27,268.36 1 1
run-script-service/main.go:268.36,269.12 1 0
run-script-service/main.go:272.3,273.22 2 1
run-script-service/main.go:273.22,275.4 1 0
run-script-service/main.go:277.3,277.29 1 1
run-script-service/main.go:281.2,282.31 2 1
run-script-service/main.go:282.31,283.31 1 1
run-script-service/main.go:283.31,285.4 1 1
run-script-service/main.go:288.2,288.19 1 1
run-script-service/main.go:292.79,294.16 2 1
run-script-service/main.go:294.16,296.3 1 0
run-script-service/main.go:299.2,300.16 2 1
run-script-service/main.go:300.16,302.3 1 0
run-script-service/main.go:305.2,306.43 2 1
run-script-service/main.go:306.43,307.75 1 0
run-script-service/main.go:307.75,309.4 1 0
run-script-service/main.go:312.2,313.37 2 1
run-script-service/main.go:313.37,314.76 1 0
run-script-service/main.go:314.76,316.4 1 0
run-script-service/main.go:320.2,322.16 3 1
run-script-service/main.go:322.16,324.3 1 0
run-script-service/main.go:327.2,327.40 1 1
run-script-service/main.go:327.40,328.35 1 0
run-script-service/main.go:328.35,330.4 1 0
run-script-service/main.go:334.2,343.61 2 1
run-script-service/main.go:343.61,345.3 1 0
run-script-service/main.go:347.2,351.16 3 1
run-script-service/main.go:351.16,353.3 1 0
run-script-service/main.go:355.2,356.52 2 1
run-script-service/main.go:360.66,363.16 3 1
run-script-service/main.go:363.16,365.3 1 0
run-script-service/main.go:367.2,367.30 1 1
run-script-service/main.go:367.30,370.3 2 0
run-script-service/main.go:372.2,375.40 3 1
run-script-service/main.go:375.40,377.21 2 1
run-script-service/main.go:377.21,379.4 1 1
run-script-service/main.go:381.3,382.25 2 1
run-script-service/main.go:382.25,384.4 1 1
run-script-service/main.go:386.3,387.84 1 1
run-script-service/main.go:390.2,390.52 1 1
run-script-service/main.go:394.92,397.16 3 1
run-script-service/main.go:397.16,399.3 1 0
run-script-service/main.go:401.2,402.40 2 1
run-script-service/main.go:402.40,403.32 1 1
run-script-service/main.go:403.32,406.9 3 1
run-script-service/main.go:410.2,410.12 1 1
run-script-service/main.go:410.12,412.3 1 0
run-script-service/main.go:414.2,415.16 2 1
run-script-service/main.go:415.16,417.3 1 0
run-script-service/main.go:419.2,420.12 2 1
run-script-service/main.go:420.12,422.3 1 1
run-script-service/main.go:423.2,424.52 2 1
run-script-service/main.go:428.79,430.2 1 1
run-script-service/main.go:433.80,435.2 1 1
run-script-service/main.go:438.79,441.16 3 1
run-script-service/main.go:441.16,443.3 1 0
run-script-service/main.go:445.2,447.40 3 1
run-script-service/main.go:447.40,448.32 1 1
run-script-service/main.go:448.32,450.4 1 1
run-script-service/main.go:450.9,452.4 1 1
run-script-service/main.go:455.2,455.12 1 1
run-script-service/main.go:455.12,457.3 1 0
run-script-service/main.go:459.2,462.16 3 1
run-script-service/main.go:462.16,464.3 1 0
run-script-service/main.go:466.2,467.52 2 1
run-script-service/main.go:471.76,474.16 3 1
run-script-service/main.go:474.16,476.3 1 0
run-script-service/main.go:478.2,479.40 2 1
run-script-service/main.go:479.40,480.32 1 1
run-script-service/main.go:480.32,482.9 2 1
run-script-service/main.go:486.2,486.25 1 1
run-script-service/main.go:486.25,488.3 1 0
run-script-service/main.go:491.2,496.16 5 1
run-script-service/main.go:496.16,498.3 1 0
run-script-service/main.go:498.8,500.3 1 1
run-script-service/main.go:502.2,502.52 1 1
run-script-service/main.go:506.65,508.16 2 1
run-script-service/main.go:508.16,510.3 1 0
run-script-service/main.go:513.2,514.16 2 1
run-script-service/main.go:514.16,516.3 1 0
run-script-service/main.go:516.8,518.3 1 1
run-script-service/main.go:519.2,527.43 4 1
run-script-service/main.go:527.43,529.3 1 1
run-script-service/main.go:531.2,531.44 1 1
run-script-service/main.go:531.44,533.22 2 1
run-script-service/main.go:533.22,535.4 1 0
run-script-service/main.go:536.3,536.25 1 1
run-script-service/main.go:539.2,539.37 1 1
run-script-service/main.go:539.37,541.22 2 1
run-script-service/main.go:541.22,543.4 1 0
run-script-service/main.go:544.3,544.25 1 1
run-script-service/main.go:548.2,549.16 2 1
run-script-service/main.go:549.16,551.3 1 0
run-script-service/main.go:554.2,554.23 1 1
run-script-service/main.go:554.23,556.3 1 1
run-script-service/main.go:556.8,558.33 2 0
run-script-service/main.go:558.33,564.26 2 0
run-script-service/main.go:564.26,566.5 1 0
run-script-service/main.go:567.4,567.26 1 0
run-script-service/main.go:567.26,569.5 1 0
run-script-service/main.go:570.4,570.17 1 0
run-script-service/main.go:574.2,574.52 1 1
run-script-service/main.go:578.70,580.16 2 1
run-script-service/main.go:580.16,582.3 1 0
run-script-service/main.go:584.2,585.9 2 1
run-script-service/main.go:585.9,588.3 1 1
run-script-service/main.go:591.2,592.16 2 1
run-script-service/main.go:592.16,594.3 1 0
run-script-service/main.go:594.8,596.3 1 1
run-script-service/main.go:597.2,602.60 3 1
run-script-service/main.go:602.60,605.3 2 1
run-script-service/main.go:607.2,608.16 2 0
run-script-service/main.go:608.16,610.3 1 0
run-script-service/main.go:612.2,613.52 2 0
run-script-service/main.go:617.62,620.27 2 1
run-script-service/main.go:620.27,621.21 1 1
run-script-service/main.go:621.21,623.12 1 1
run-script-service/main.go:626.3,626.35 1 1
run-script-service/main.go:626.35,628.23 2 1
run-script-service/main.go:628.23,630.5 1 1
run-script-service/main.go:630.10,632.5 1 0
run-script-service/main.go:633.9,635.4 1 0
run-script-service/main.go:638.2,638.19 1 1
run-script-service/main.go:642.74,644.16 2 1
run-script-service/main.go:644.16,646.3 1 0
run-script-service/main.go:648.2,648.30 1 1
run-script-service/main.go:648.30,650.3 1 0
run-script-service/main.go:653.2,655.16 3 1
run-script-service/main.go:655.16,657.3 1 0
run-script-service/main.go:660.2,664.16 3 1
run-script-service/main.go:664.16,666.3 1 0
run-script-service/main.go:668.2,669.52 2 1
run-script-service/main.go:673.54,677.16 3 0
run-script-service/main.go:677.16,680.3 2 0
run-script-service/main.go:683.2,683.25 1 0
run-script-service/main.go:683.25,685.3 1 0
run-script-service/main.go:688.2,689.16 2 0
run-script-service/main.go:689.16,691.3 1 0
run-script-service/main.go:691.8,693.3 1 0
run-script-service/main.go:696.2,719.16 13 0
run-script-service/main.go:719.16,723.3 3 0
run-script-service/main.go:725.2,731.16 5 0
run-script-service/main.go:731.16,733.3 1 0
run-script-service/main.go:733.8,735.3 1 0
run-script-service/main.go:738.2,738.12 1 0
run-script-service/main.go:738.12,739.43 1 0
run-script-service/main.go:739.43,742.4 2 0
run-script-service/main.go:746.2,753.32 5 0
run-script-service/main.go:757.30,759.16 2 0
run-script-service/main.go:759.16,761.3 1 0
run-script-service/main.go:761.8,763.3 1 0
run-script-service/main.go:764.2,764.53 1 0
run-script-service/main.go:767.34,770.2 2 0
run-script-service/main.go:772.33,775.16 3 0
run-script-service/main.go:775.16,777.3 1 0
run-script-service/main.go:778.2,778.54 1 0
run-script-service/main.go:781.28,784.2 2 0
run-script-service/main.go:786.37,788.16 2 0
run-script-service/main.go:788.16,790.3 1 0
run-script-service/main.go:791.2,792.19 2 0
run-script-service/main.go:796.80,797.20 1 0
run-script-service/main.go:798.15,799.39 1 0
run-script-service/main.go:800.14,801.28 1 0
run-script-service/main.go:802.16,803.30 1 0
run-script-service/main.go:804.17,805.41 1 0
run-script-service/main.go:806.14,807.28 1 0
run-script-service/main.go:808.10,810.118 1 0
run-script-service/main.go:815.66,817.68 1 0
run-script-service/main.go:817.68,820.3 1 0
run-script-service/main.go:823.2,824.16 2 0
run-script-service/main.go:824.16,827.3 1 0
run-script-service/main.go:830.2,833.53 2 0
run-script-service/main.go:833.53,836.3 2 0
run-script-service/main.go:839.2,841.16 3 0
run-script-service/main.go:841.16,844.3 1 0
run-script-service/main.go:845.2,857.16 8 0
run-script-service/main.go:857.16,860.3 1 0
run-script-service/main.go:863.2,864.16 2 0
run-script-service/main.go:864.16,868.3 2 0
run-script-service/main.go:870.2,874.52 4 0
run-script-service/main.go:878.48,880.16 2 0
run-script-service/main.go:880.16,881.25 1 0
run-script-service/main.go:881.25,883.4 1 0
run-script-service/main.go:884.3,884.96 1 0
run-script-service/main.go:887.2,887.28 1 0
run-script-service/main.go:887.28,890.3 2 0
run-script-service/main.go:892.2,893.16 2 0
run-script-service/main.go:893.16,895.3 1 0
run-script-service/main.go:898.2,899.16 2 0
run-script-service/main.go:899.16,901.3 1 0
run-script-service/main.go:904.2,907.27 2 0
run-script-service/main.go:907.27,909.17 2 0
run-script-service/main.go:909.17,911.4 1 0
run-script-service/main.go:912.3,912.38 1 0
run-script-service/main.go:913.8,915.3 1 0
run-script-service/main.go:918.2,920.52 2 0
run-script-service/main.go:924.50,926.16 2 0
run-script-service/main.go:926.16,927.25 1 0
run-script-service/main.go:927.25,930.4 2 0
run-script-service/main.go:931.3,931.96 1 0
run-script-service/main.go:934.2,934.27 1 0
run-script-service/main.go:934.27,937.3 2 0
run-script-service/main.go:937.8,940.3 2 0
run-script-service/main.go:942.2,942.52 1 0
run-script-service/main.go:946.68,949.65 2 0
run-script-service/main.go:949.65,951.3 1 0
run-script-service/main.go:954.2,957.38 2 0
run-script-service/main.go:961.48,963.16 2 0
run-script-service/main.go:963.16,965.3 1 0
run-script-service/main.go:965.8,967.3 1 0
run-script-service/main.go:969.2,972.52 2 0
run-script-service/main.go:972.52,975.3 2 0
run-script-service/main.go:978.2,979.16 2 0
run-script-service/main.go:979.16,981.3 1 0
run-script-service/main.go:983.2,983.23 1 0
run-script-service/main.go:983.23,985.3 1 0
run-script-service/main.go:985.8,987.3 1 0
run-script-service/main.go:989.2,989.52 1 0
run-script-service/main.go:993.48,998.87 3 0
run-script-service/main.go:998.87,1000.3 1 0
run-script-service/main.go:1003.2,1003.72 1 0
run-script-service/main.go:1003.72,1006.3 2 0
run-script-service/main.go:1009.2,1010.16 2 0
run-script-service/main.go:1010.16,1012.3 1 0
run-script-service/main.go:1014.2,1014.21 1 0
run-script-service/main.go:1014.21,1017.3 2 0
run-script-service/main.go:1020.2,1022.16 3 0
run-script-service/main.go:1022.16,1024.3 1 0
run-script-service/main.go:1026.2,1027.16 2 0
run-script-service/main.go:1027.16,1029.3 1 0
run-script-service/main.go:1031.2,1031.53 1 0
run-script-service/main.go:1031.53,1034.3 2 0
run-script-service/main.go:1036.2,1037.12 2 0
run-script-service/main.go:1041.46,1046.59 3 0
run-script-service/main.go:1046.59,1048.78 2 0
run-script-service/main.go:1048.78,1050.4 1 0
run-script-service/main.go:1054.2,1055.75 2 0
run-script-service/main.go:1055.75,1057.3 1 0
run-script-service/main.go:1059.2,1060.12 2 0
run-script-service/main.go:1064.73,1071.2 5 0
run-script-service/web/event_bridge.go:16.99,31.2 5 1
run-script-service/web/event_bridge.go:34.40,35.31 1 1
run-script-service/web/event_bridge.go:35.31,46.74 2 1
run-script-service/web/event_bridge.go:46.75,49.4 0 0
run-script-service/web/event_bridge.go:54.32,55.27 1 1
run-script-service/web/event_bridge.go:55.27,57.3 1 1
run-script-service/web/event_bridge.go:58.2,58.18 1 1
run-script-service/web/frontend_setup.go:26.68,30.2 1 1
run-script-service/web/frontend_setup.go:33.58,36.2 2 1
run-script-service/web/frontend_setup.go:39.49,41.48 1 1
run-script-service/web/frontend_setup.go:41.48,43.3 1 0
run-script-service/web/frontend_setup.go:46.2,46.55 1 1
run-script-service/web/frontend_setup.go:46.55,48.3 1 0
run-script-service/web/frontend_setup.go:51.2,51.48 1 1
run-script-service/web/frontend_setup.go:51.48,53.3 1 0
run-script-service/web/frontend_setup.go:55.2,55.12 1 1
run-script-service/web/frontend_setup.go:59.60,61.55 1 1
run-script-service/web/frontend_setup.go:61.55,63.3 1 0
run-script-service/web/frontend_setup.go:66.2,74.27 2 1
run-script-service/web/frontend_setup.go:74.27,76.52 2 1
run-script-service/web/frontend_setup.go:76.52,78.4 1 0
run-script-service/web/frontend_setup.go:81.2,81.12 1 1
run-script-service/web/frontend_setup.go:85.67,92.41 2 1
run-script-service/web/frontend_setup.go:92.41,93.38 1 1
run-script-service/web/frontend_setup.go:93.38,95.4 1 0
run-script-service/web/frontend_setup.go:98.2,98.12 1 1
run-script-service/web/frontend_setup.go:102.60,108.41 2 1
run-script-service/web/frontend_setup.go:108.41,109.38 1 1
run-script-service/web/frontend_setup.go:109.38,111.4 1 0
run-script-service/web/frontend_setup.go:114.2,114.12 1 1
run-script-service/web/frontend_setup.go:118.60,141.16 3 1
run-script-service/web/frontend_setup.go:141.16,143.3 1 0
run-script-service/web/frontend_setup.go:145.2,146.46 2 1
run-script-service/web/frontend_setup.go:150.59,172.2 3 1
run-script-service/web/frontend_setup.go:175.58,191.2 3 1
run-script-service/web/frontend_setup.go:194.55,202.2 3 1
run-script-service/web/frontend_setup.go:205.55,232.2 3 1
run-script-service/web/handlers_files.go:32.62,38.2 3 1
run-script-service/web/handlers_files.go:41.60,42.27 1 1
run-script-service/web/handlers_files.go:42.27,44.3 1 0
run-script-service/web/handlers_files.go:47.2,50.50 4 1
run-script-service/web/handlers_files.go:54.52,55.27 1 1
run-script-service/web/handlers_files.go:55.27,61.3 2 0
run-script-service/web/handlers_files.go:64.2,65.20 2 1
run-script-service/web/handlers_files.go:65.20,71.3 2 0
run-script-service/web/handlers_files.go:74.2,74.24 1 1
run-script-service/web/handlers_files.go:74.24,76.3 1 1
run-script-service/web/handlers_files.go:78.2,79.16 2 1
run-script-service/web/handlers_files.go:79.16,81.55 2 1
run-script-service/web/handlers_files.go:81.55,83.4 1 1
run-script-service/web/handlers_files.go:83.9,83.72 1 1
run-script-service/web/handlers_files.go:83.72,85.4 1 1
run-script-service/web/handlers_files.go:87.3,91.9 2 1
run-script-service/web/handlers_files.go:94.2,97.4 1 1
run-script-service/web/handlers_files.go:101.52,102.27 1 1
run-script-service/web/handlers_files.go:102.27,108.3 2 0
run-script-service/web/handlers_files.go:111.2,112.20 2 1
run-script-service/web/handlers_files.go:112.20,118.3 2 0
run-script-service/web/handlers_files.go:121.2,121.24 1 1
run-script-service/web/handlers_files.go:121.24,123.3 1 1
run-script-service/web/handlers_files.go:125.2,126.51 2 1
run-script-service/web/handlers_files.go:126.51,132.3 2 1
run-script-service/web/handlers_files.go:135.2,138.16 3 1
run-script-service/web/handlers_files.go:138.16,140.55 2 1
run-script-service/web/handlers_files.go:140.55,142.4 1 1
run-script-service/web/handlers_files.go:144.3,148.9 2 1
run-script-service/web/handlers_files.go:151.2,157.4 1 1
run-script-service/web/handlers_files.go:161.57,162.27 1 1
run-script-service/web/handlers_files.go:162.27,168.3 2 0
run-script-service/web/handlers_files.go:170.2,171.51 2 1
run-script-service/web/handlers_files.go:171.51,177.3 2 0
run-script-service/web/handlers_files.go:179.2,189.4 3 1
run-script-service/web/handlers_files.go:193.54,194.27 1 1
run-script-service/web/handlers_files.go:194.27,200.3 2 0
run-script-service/web/handlers_files.go:203.2,204.19 2 1
run-script-service/web/handlers_files.go:204.19,206.3 1 0
run-script-service/web/handlers_files.go:209.2,209.23 1 1
run-script-service/web/handlers_files.go:209.23,211.3 1 1
run-script-service/web/handlers_files.go:213.2,214.16 2 1
run-script-service/web/handlers_files.go:214.16,216.55 2 1
run-script-service/web/handlers_files.go:216.55,218.4 1 1
run-script-service/web/handlers_files.go:218.9,218.72 1 0
run-script-service/web/handlers_files.go:218.72,220.4 1 0
run-script-service/web/handlers_files.go:222.3,226.9 2 1
run-script-service/web/handlers_files.go:230.2,231.29 2 1
run-script-service/web/handlers_files.go:231.29,239.3 1 1
run-script-service/web/handlers_files.go:241.2,244.4 1 1
run-script-service/web/server.go:44.62,70.2 10 1
run-script-service/web/server.go:73.66,75.2 1 1
run-script-service/web/server.go:78.54,80.2 1 0
run-script-service/web/server.go:83.71,85.2 1 1
run-script-service/web/server.go:88.104,89.29 1 1
run-script-service/web/server.go:89.29,91.3 1 0
run-script-service/web/server.go:94.2,94.71 1 1
run-script-service/web/server.go:94.71,95.22 1 0
run-script-service/web/server.go:95.22,97.4 1 0
run-script-service/web/server.go:98.3,98.13 1 0
run-script-service/web/server.go:102.2,104.12 2 1
run-script-service/web/server.go:108.36,111.16 2 1
run-script-service/web/server.go:111.16,115.43 3 0
run-script-service/web/server.go:115.43,117.4 1 0
run-script-service/web/server.go:118.8,124.43 3 1
run-script-service/web/server.go:124.43,126.18 2 1
run-script-service/web/server.go:126.18,130.5 3 0
run-script-service/web/server.go:131.4,134.95 3 1
run-script-service/web/server.go:138.3,138.42 1 1
run-script-service/web/server.go:138.42,142.74 2 1
run-script-service/web/server.go:142.74,145.5 2 1
run-script-service/web/server.go:148.4,149.18 2 1
run-script-service/web/server.go:149.18,153.5 3 0
run-script-service/web/server.go:154.4,157.95 3 1
run-script-service/web/server.go:162.2,162.44 1 1
run-script-service/web/server.go:162.44,164.3 1 1
run-script-service/web/server.go:166.2,189.43 16 1
run-script-service/web/server.go:193.51,199.29 4 1
run-script-service/web/server.go:199.29,204.41 3 0
run-script-service/web/server.go:204.41,205.71 1 0
run-script-service/web/server.go:205.71,207.5 1 0
run-script-service/web/server.go:212.2,212.29 1 1
run-script-service/web/server.go:212.29,214.22 2 0
run-script-service/web/server.go:214.22,216.4 1 0
run-script-service/web/server.go:219.2,229.4 2 1
run-script-service/web/server.go:233.55,234.29 1 1
run-script-service/web/server.go:234.29,240.3 2 0
run-script-service/web/server.go:243.2,244.68 2 1
run-script-service/web/server.go:244.68,256.3 2 1
run-script-service/web/server.go:258.2,261.4 1 1
run-script-service/web/server.go:265.55,266.29 1 1
run-script-service/web/server.go:266.29,272.3 2 0
run-script-service/web/server.go:274.2,275.56 2 1
run-script-service/web/server.go:275.56,281.3 2 0
run-script-service/web/server.go:284.2,284.29 1 1
run-script-service/web/server.go:284.29,290.3 2 0
run-script-service/web/server.go:292.2,292.29 1 1
run-script-service/web/server.go:292.29,298.3 2 0
run-script-service/web/server.go:301.2,301.32 1 1
run-script-service/web/server.go:301.32,303.3 1 0
run-script-service/web/server.go:304.2,304.35 1 1
run-script-service/web/server.go:304.35,306.3 1 0
run-script-service/web/server.go:309.2,309.65 1 1
run-script-service/web/server.go:309.65,315.3 2 0
run-script-service/web/server.go:317.2,327.4 1 1
run-script-service/web/server.go:331.54,332.29 1 1
run-script-service/web/server.go:332.29,338.3 2 0
run-script-service/web/server.go:340.2,341.22 2 1
run-script-service/web/server.go:341.22,347.3 2 0
run-script-service/web/server.go:350.2,353.72 3 1
run-script-service/web/server.go:353.72,359.3 2 1
run-script-service/web/server.go:363.2,369.4 1 0
run-script-service/web/server.go:373.54,374.29 1 1
run-script-service/web/server.go:374.29,380.3 2 0
run-script-service/web/server.go:382.2,383.22 2 1
run-script-service/web/server.go:383.22,389.3 2 0
run-script-service/web/server.go:392.2,393.46 2 1
run-script-service/web/server.go:393.46,394.38 1 1
run-script-service/web/server.go:394.38,412.4 4 1
run-script-service/web/server.go:415.2,418.4 1 1
run-script-service/web/server.go:422.57,423.29 1 1
run-script-service/web/server.go:423.29,429.3 2 0
run-script-service/web/server.go:431.2,432.22 2 1
run-script-service/web/server.go:432.22,438.3 2 0
run-script-service/web/server.go:440.2,441.54 2 1
run-script-service/web/server.go:441.54,447.3 2 0
run-script-service/web/server.go:450.2,450.30 1 1
run-script-service/web/server.go:450.30,452.3 1 0
run-script-service/web/server.go:453.2,453.33 1 1
run-script-service/web/server.go:453.33,455.3 1 0
run-script-service/web/server.go:458.2,458.78 1 1
run-script-service/web/server.go:458.78,464.3 2 1
run-script-service/web/server.go:466.2,478.4 1 1
run-script-service/web/server.go:482.57,483.29 1 1
run-script-service/web/server.go:483.29,489.3 2 0
run-script-service/web/server.go:491.2,492.22 2 1
run-script-service/web/server.go:492.22,498.3 2 0
run-script-service/web/server.go:501.2,501.66 1 1
run-script-service/web/server.go:501.66,507.3 2 1
run-script-service/web/server.go:509.2,515.4 1 1
run-script-service/web/server.go:519.70,520.29 1 1
run-script-service/web/server.go:520.29,526.3 2 0
run-script-service/web/server.go:528.2,529.22 2 1
run-script-service/web/server.go:529.22,535.3 2 0
run-script-service/web/server.go:537.2,539.12 3 1
run-script-service/web/server.go:539.12,542.3 2 1
run-script-service/web/server.go:542.8,545.3 2 1
run-script-service/web/server.go:547.2,547.16 1 1
run-script-service/web/server.go:547.16,553.3 2 0
run-script-service/web/server.go:555.2,562.4 1 1
run-script-service/web/server.go:566.57,568.2 1 1
run-script-service/web/server.go:571.58,573.2 1 1
run-script-service/web/server.go:576.52,580.22 2 1
run-script-service/web/server.go:580.22,589.3 2 1
run-script-service/web/server.go:592.2,593.16 2 0
run-script-service/web/server.go:593.16,595.3 1 0
run-script-service/web/server.go:595.8,597.3 1 0
run-script-service/web/server.go:599.2,602.52 2 0
run-script-service/web/server.go:602.52,612.3 2 0
run-script-service/web/server.go:615.2,616.16 2 0
run-script-service/web/server.go:616.16,622.3 2 0
run-script-service/web/server.go:624.2,630.4 1 0
run-script-service/web/server.go:634.58,636.22 2 1
run-script-service/web/server.go:636.22,642.3 2 0
run-script-service/web/server.go:645.2,646.16 2 1
run-script-service/web/server.go:646.16,648.3 1 0
run-script-service/web/server.go:648.8,650.3 1 1
run-script-service/web/server.go:652.2,655.52 2 1
run-script-service/web/server.go:655.52,665.3 2 1
run-script-service/web/server.go:668.2,669.16 2 0
run-script-service/web/server.go:669.16,675.3 2 0
run-script-service/web/server.go:677.2,683.4 1 0
run-script-service/web/server.go:687.60,689.22 2 0
run-script-service/web/server.go:689.22,695.3 2 0
run-script-service/web/server.go:698.2,699.16 2 0
run-script-service/web/server.go:699.16,701.3 1 0
run-script-service/web/server.go:701.8,703.3 1 0
run-script-service/web/server.go:705.2,708.48 2 0
run-script-service/web/server.go:708.48,714.3 2 0
run-script-service/web/server.go:716.2,722.4 1 0
run-script-service/web/server.go:726.55,728.22 2 0
run-script-service/web/server.go:728.22,734.3 2 0
run-script-service/web/server.go:737.2,738.16 2 0
run-script-service/web/server.go:738.16,740.3 1 0
run-script-service/web/server.go:740.8,742.3 1 0
run-script-service/web/server.go:744.2,747.52 2 0
run-script-service/web/server.go:747.52,757.3 2 0
run-script-service/web/server.go:760.2,761.16 2 0
run-script-service/web/server.go:761.16,767.3 2 0
run-script-service/web/server.go:769.2,775.4 1 0
run-script-service/web/server.go:787.54,788.29 1 0
run-script-service/web/server.go:788.29,794.3 2 0
run-script-service/web/server.go:796.2,809.4 3 0
run-script-service/web/server.go:813.57,814.29 1 1
run-script-service/web/server.go:814.29,820.3 2 0
run-script-service/web/server.go:822.2,823.54 2 1
run-script-service/web/server.go:823.54,829.3 2 1
run-script-service/web/server.go:832.2,835.46 2 1
run-script-service/web/server.go:835.46,836.50 1 0
run-script-service/web/server.go:836.50,837.34 1 0
run-script-service/web/server.go:837.34,839.5 1 0
run-script-service/web/server.go:839.10,845.5 2 0
run-script-service/web/server.go:846.9,852.4 2 0
run-script-service/web/server.go:853.8,853.54 1 1
run-script-service/web/server.go:853.54,854.50 1 1
run-script-service/web/server.go:854.50,855.34 1 1
run-script-service/web/server.go:855.34,857.5 1 1
run-script-service/web/server.go:857.10,863.5 2 0
run-script-service/web/server.go:864.9,870.4 2 0
run-script-service/web/server.go:874.2,874.54 1 1
run-script-service/web/server.go:874.54,880.3 2 0
run-script-service/web/server.go:882.2,888.4 1 1
run-script-service/web/server.go:892.36,895.2 2 0
run-script-service/web/vue_build_manager.go:17.62,23.2 1 1
run-script-service/web/vue_build_manager.go:26.63,28.59 1 0
run-script-service/web/vue_build_manager.go:28.59,30.3 1 0
run-script-service/web/vue_build_manager.go:33.2,33.58 1 0
run-script-service/web/vue_build_manager.go:33.58,35.3 1 0
run-script-service/web/vue_build_manager.go:37.2,37.12 1 0
run-script-service/web/vue_build_manager.go:41.65,70.37 3 0
run-script-service/web/vue_build_manager.go:70.37,72.54 2 0
run-script-service/web/vue_build_manager.go:72.54,74.4 1 0
run-script-service/web/vue_build_manager.go:77.2,77.27 1 0
run-script-service/web/vue_build_manager.go:77.27,79.3 1 0
run-script-service/web/vue_build_manager.go:81.2,81.12 1 0
run-script-service/web/vue_build_manager.go:85.53,87.2 1 1
run-script-service/web/vue_build_manager.go:90.51,92.2 1 1
run-script-service/web/vue_build_manager.go:95.56,104.37 2 0
run-script-service/web/vue_build_manager.go:104.37,105.50 1 0
run-script-service/web/vue_build_manager.go:105.50,107.4 1 0
run-script-service/web/vue_build_manager.go:110.2,110.13 1 0
run-script-service/web/websocket.go:21.42,23.3 1 0
run-script-service/web/websocket.go:57.38,65.2 1 1
run-script-service/web/websocket.go:68.30,69.6 1 1
run-script-service/web/websocket.go:69.6,70.10 1 1
run-script-service/web/websocket.go:71.31,73.42 1 0
run-script-service/web/websocket.go:73.42,77.5 3 0
run-script-service/web/websocket.go:77.10,80.5 2 0
run-script-service/web/websocket.go:82.33,83.38 1 0
run-script-service/web/websocket.go:83.38,87.5 3 0
run-script-service/web/websocket.go:89.33,90.34 1 0
run-script-service/web/websocket.go:90.34,91.12 1 0
run-script-service/web/websocket.go:92.33,92.33 0 0
run-script-service/web/websocket.go:93.13,97.25 3 0
run-script-service/web/websocket.go:105.92,113.16 3 1
run-script-service/web/websocket.go:113.16,115.3 1 0
run-script-service/web/websocket.go:117.2,117.9 1 1
run-script-service/web/websocket.go:118.35,118.35 0 1
run-script-service/web/websocket.go:119.10,119.10 0 0
run-script-service/web/websocket.go:123.2,123.12 1 1
run-script-service/web/websocket.go:127.49,129.2 1 0
run-script-service/web/websocket.go:132.57,134.16 2 1
run-script-service/web/websocket.go:134.16,137.3 2 1
run-script-service/web/websocket.go:139.2,149.22 4 0
run-script-service/web/websocket.go:153.38,154.15 1 0
run-script-service/web/websocket.go:154.15,157.3 2 0
run-script-service/web/websocket.go:159.2,161.43 3 0
run-script-service/web/websocket.go:161.43,164.3 2 0
run-script-service/web/websocket.go:166.2,166.6 1 0
run-script-service/web/websocket.go:166.6,168.17 2 0
run-script-service/web/websocket.go:168.17,169.103 1 0
run-script-service/web/websocket.go:169.103,171.5 1 0
run-script-service/web/websocket.go:172.4,172.9 1 0
run-script-service/web/websocket.go:178.39,180.15 2 0
run-script-service/web/websocket.go:180.15,183.3 2 0
run-script-service/web/websocket.go:185.2,185.6 1 0
run-script-service/web/websocket.go:185.6,186.10 1 0
run-script-service/web/websocket.go:187.32,189.11 2 0
run-script-service/web/websocket.go:189.11,192.5 2 0
run-script-service/web/websocket.go:194.4,195.18 2 0
run-script-service/web/websocket.go:195.18,197.5 1 0
run-script-service/web/websocket.go:198.4,202.27 3 0
run-script-service/web/websocket.go:202.27,205.5 2 0
run-script-service/web/websocket.go:207.4,207.36 1 0
run-script-service/web/websocket.go:207.36,209.5 1 0
run-script-service/web/websocket.go:211.19,213.74 2 0
run-script-service/web/websocket.go:213.74,215.5 1 0
run-script-service/service/config.go:34.42,36.2 1 0
run-script-service/service/config.go:39.73,40.19 1 1
run-script-service/service/config.go:40.19,42.3 1 1
run-script-service/service/config.go:43.2,43.19 1 1
run-script-service/service/config.go:43.19,45.3 1 1
run-script-service/service/config.go:46.2,46.21 1 1
run-script-service/service/config.go:46.21,48.3 1 1
run-script-service/service/config.go:49.2,49.24 1 1
run-script-service/service/config.go:49.24,51.3 1 0
run-script-service/service/config.go:52.2,52.20 1 1
run-script-service/service/config.go:52.20,54.3 1 0
run-script-service/service/config.go:57.2,57.21 1 1
run-script-service/service/config.go:57.21,59.34 2 0
run-script-service/service/config.go:59.34,62.18 2 0
run-script-service/service/config.go:62.18,64.5 1 0
run-script-service/service/config.go:65.4,65.48 1 0
run-script-service/service/config.go:68.3,69.17 2 0
run-script-service/service/config.go:69.17,70.26 1 0
run-script-service/service/config.go:70.26,72.5 1 0
run-script-service/service/config.go:73.4,73.74 1 0
run-script-service/service/config.go:77.3,77.19 1 0
run-script-service/service/config.go:77.19,79.4 1 0
run-script-service/service/config.go:82.3,82.28 1 0
run-script-service/service/config.go:82.28,84.4 1 0
run-script-service/service/config.go:87.2,87.12 1 1
run-script-service/service/config.go:91.58,92.55 1 1
run-script-service/service/config.go:92.55,94.3 1 1
run-script-service/service/config.go:96.2,97.16 2 1
run-script-service/service/config.go:97.16,100.3 2 0
run-script-service/service/config.go:102.2,102.53 1 1
run-script-service/service/config.go:102.53,105.3 2 1
run-script-service/service/config.go:107.2,107.12 1 1
run-script-service/service/config.go:111.58,113.16 2 1
run-script-service/service/config.go:113.16,115.3 1 0
run-script-service/service/config.go:117.2,117.61 1 1
run-script-service/service/config.go:117.61,119.3 1 0
run-script-service/service/config.go:121.2,121.12 1 1
run-script-service/service/config.go:125.72,126.55 1 1
run-script-service/service/config.go:126.55,128.3 1 0
run-script-service/service/config.go:130.2,131.16 2 1
run-script-service/service/config.go:131.16,134.3 2 0
run-script-service/service/config.go:137.2,138.58 2 1
run-script-service/service/config.go:138.58,141.58 2 1
run-script-service/service/config.go:141.58,143.4 1 0
run-script-service/service/config.go:145.3,145.88 1 1
run-script-service/service/config.go:145.88,147.46 1 1
run-script-service/service/config.go:147.46,149.61 1 1
run-script-service/service/config.go:149.61,152.6 2 0
run-script-service/service/config.go:154.4,155.14 2 1
run-script-service/service/config.go:160.2,161.60 2 1
run-script-service/service/config.go:161.60,164.3 2 0
run-script-service/service/config.go:167.2,177.25 2 1
run-script-service/service/config.go:177.25,179.3 1 0
run-script-service/service/config.go:181.2,181.12 1 1
run-script-service/service/config.go:185.72,187.16 2 0
run-script-service/service/config.go:187.16,189.3 1 0
run-script-service/service/config.go:191.2,191.61 1 0
run-script-service/service/config.go:191.61,193.3 1 0
run-script-service/service/config.go:195.2,195.12 1 0
run-script-service/service/event.go:18.103,26.2 1 1
run-script-service/service/event.go:29.61,37.2 1 1
run-script-service/service/event.go:46.46,50.2 1 1
run-script-service/service/event.go:54.83,61.16 4 1
run-script-service/service/event.go:61.16,65.41 3 1
run-script-service/service/event.go:65.41,66.29 1 1
run-script-service/service/event.go:66.29,69.10 2 1
run-script-service/service/event.go:77.65,81.40 3 1
run-script-service/service/event.go:81.40,82.10 1 1
run-script-service/service/event.go:83.26,83.26 0 1
run-script-service/service/event.go:85.11,85.11 0 1
run-script-service/service/executor.go:33.70,39.2 1 1
run-script-service/service/executor.go:42.67,46.2 2 1
run-script-service/service/executor.go:49.99,64.16 7 1
run-script-service/service/executor.go:64.16,68.3 3 0
run-script-service/service/executor.go:70.2,71.16 2 1
run-script-service/service/executor.go:71.16,75.3 3 0
run-script-service/service/executor.go:77.2,77.46 1 1
run-script-service/service/executor.go:77.46,81.3 3 1
run-script-service/service/executor.go:84.2,84.15 1 1
run-script-service/service/executor.go:84.15,85.25 1 1
run-script-service/service/executor.go:85.25,87.65 1 1
run-script-service/service/executor.go:87.65,92.15 2 0
run-script-service/service/executor.go:92.15,94.63 2 0
run-script-service/service/executor.go:94.63,96.7 1 0
run-script-service/service/executor.go:102.2,107.16 5 1
run-script-service/service/executor.go:107.16,108.49 1 1
run-script-service/service/executor.go:108.49,110.4 1 1
run-script-service/service/executor.go:110.9,114.4 3 0
run-script-service/service/executor.go:117.2,121.21 3 1
run-script-service/service/executor.go:121.21,123.26 2 1
run-script-service/service/executor.go:123.26,125.4 1 1
run-script-service/service/executor.go:126.3,126.26 1 1
run-script-service/service/executor.go:126.26,128.4 1 1
run-script-service/service/executor.go:129.3,131.46 2 1
run-script-service/service/executor.go:131.46,133.4 1 1
run-script-service/service/executor.go:135.3,135.37 1 1
run-script-service/service/executor.go:135.37,137.4 1 0
run-script-service/service/executor.go:140.2,140.15 1 1
run-script-service/service/executor.go:144.66,145.21 1 1
run-script-service/service/executor.go:145.21,148.46 2 1
run-script-service/service/executor.go:148.46,150.4 1 0
run-script-service/service/executor.go:152.2,152.53 1 1
run-script-service/service/executor.go:156.51,158.16 2 1
run-script-service/service/executor.go:158.16,160.3 1 1
run-script-service/service/executor.go:161.2,164.12 3 1
run-script-service/service/executor.go:168.36,170.24 2 1
run-script-service/service/executor.go:170.24,172.3 1 1
run-script-service/service/executor.go:173.2,173.16 1 1
run-script-service/service/executor.go:173.16,175.3 1 0
run-script-service/service/executor.go:176.2,180.21 4 1
run-script-service/service/executor.go:180.21,182.3 1 1
run-script-service/service/executor.go:184.2,184.46 1 1
run-script-service/service/executor.go:184.46,186.3 1 0
run-script-service/service/executor.go:188.2,188.30 1 1
run-script-service/service/executor.go:188.30,190.3 1 1
run-script-service/service/executor.go:193.2,196.16 3 1
run-script-service/service/executor.go:196.16,198.3 1 0
run-script-service/service/executor.go:199.2,201.35 2 1
run-script-service/service/executor.go:201.35,202.61 1 1
run-script-service/service/executor.go:202.61,204.4 1 0
run-script-service/service/executor.go:207.2,207.12 1 1
run-script-service/service/file_manager.go:28.50,50.2 1 1
run-script-service/service/file_manager.go:53.56,58.39 2 1
run-script-service/service/file_manager.go:58.39,60.3 1 0
run-script-service/service/file_manager.go:63.2,64.31 2 1
run-script-service/service/file_manager.go:64.31,68.41 2 1
run-script-service/service/file_manager.go:68.41,69.42 1 1
run-script-service/service/file_manager.go:69.42,71.5 1 1
run-script-service/service/file_manager.go:75.3,75.15 1 0
run-script-service/service/file_manager.go:76.8,79.3 1 1
run-script-service/service/file_manager.go:82.2,83.16 2 1
run-script-service/service/file_manager.go:83.16,85.3 1 0
run-script-service/service/file_manager.go:87.2,88.16 2 1
run-script-service/service/file_manager.go:88.16,90.3 1 0
run-script-service/service/file_manager.go:92.2,92.52 1 1
run-script-service/service/file_manager.go:92.52,94.3 1 0
run-script-service/service/file_manager.go:97.2,97.42 1 1
run-script-service/service/file_manager.go:97.42,99.31 2 1
run-script-service/service/file_manager.go:99.31,101.4 1 1
run-script-service/service/file_manager.go:104.3,108.33 3 1
run-script-service/service/file_manager.go:108.33,110.4 1 1
run-script-service/service/file_manager.go:113.3,113.104 1 1
run-script-service/service/file_manager.go:113.104,115.4 1 1
run-script-service/service/file_manager.go:118.3,118.77 1 0
run-script-service/service/file_manager.go:118.77,120.4 1 0
run-script-service/service/file_manager.go:123.2,123.14 1 0
run-script-service/service/file_manager.go:127.68,128.29 1 1
run-script-service/service/file_manager.go:128.29,130.3 1 1
run-script-service/service/file_manager.go:133.2,134.27 2 1
run-script-service/service/file_manager.go:134.27,136.3 1 1
run-script-service/service/file_manager.go:139.2,140.16 2 1
run-script-service/service/file_manager.go:140.16,142.3 1 1
run-script-service/service/file_manager.go:145.2,146.16 2 1
run-script-service/service/file_manager.go:146.16,148.3 1 0
run-script-service/service/file_manager.go:150.2,155.8 1 1
run-script-service/service/file_manager.go:159.69,160.29 1 1
run-script-service/service/file_manager.go:160.29,162.3 1 1
run-script-service/service/file_manager.go:165.2,166.27 2 1
run-script-service/service/file_manager.go:166.27,168.3 1 1
run-script-service/service/file_manager.go:171.2,172.47 2 1
run-script-service/service/file_manager.go:172.47,174.3 1 0
run-script-service/service/file_manager.go:177.2,177.70 1 1
run-script-service/service/file_manager.go:177.70,179.3 1 0
run-script-service/service/file_manager.go:181.2,181.12 1 1
run-script-service/service/file_manager.go:185.70,189.29 3 1
run-script-service/service/file_manager.go:189.29,194.55 3 1
run-script-service/service/file_manager.go:194.55,195.12 1 1
run-script-service/service/file_manager.go:199.3,199.42 1 1
run-script-service/service/file_manager.go:199.42,201.4 1 1
run-script-service/service/file_manager.go:203.3,203.40 1 1
run-script-service/service/file_manager.go:203.40,205.4 1 1
run-script-service/service/file_manager.go:208.3,208.41 1 1
run-script-service/service/file_manager.go:208.41,210.4 1 0
run-script-service/service/file_manager.go:212.3,212.42 1 1
run-script-service/service/file_manager.go:212.42,214.4 1 1
run-script-service/service/file_manager.go:217.2,217.15 1 1
run-script-service/service/file_manager.go:221.73,222.32 1 1
run-script-service/service/file_manager.go:222.32,224.3 1 1
run-script-service/service/file_manager.go:227.2,228.30 2 1
run-script-service/service/file_manager.go:228.30,230.3 1 1
run-script-service/service/file_manager.go:232.2,233.16 2 1
run-script-service/service/file_manager.go:233.16,235.3 1 1
run-script-service/service/file_manager.go:237.2,238.32 2 1
run-script-service/service/file_manager.go:238.32,240.17 2 1
run-script-service/service/file_manager.go:240.17,241.12 1 0
run-script-service/service/file_manager.go:243.3,243.38 1 1
run-script-service/service/file_manager.go:246.2,246.23 1 1
run-script-service/service/log_manager.go:53.48,58.2 1 1
run-script-service/service/log_manager.go:61.66,65.54 3 1
run-script-service/service/log_manager.go:65.54,67.3 1 1
run-script-service/service/log_manager.go:69.2,71.15 3 1
run-script-service/service/log_manager.go:75.78,92.2 5 1
run-script-service/service/log_manager.go:95.57,103.35 4 1
run-script-service/service/log_manager.go:103.35,105.3 1 1
run-script-service/service/log_manager.go:108.2,108.30 1 1
run-script-service/service/log_manager.go:112.60,114.16 2 1
run-script-service/service/log_manager.go:114.16,116.3 1 0
run-script-service/service/log_manager.go:117.2,120.16 3 1
run-script-service/service/log_manager.go:120.16,122.3 1 0
run-script-service/service/log_manager.go:124.2,125.16 2 1
run-script-service/service/log_manager.go:125.16,127.3 1 0
run-script-service/service/log_manager.go:129.2,129.12 1 1
run-script-service/service/log_manager.go:133.49,141.2 5 1
run-script-service/service/log_manager.go:144.70,151.28 4 0
run-script-service/service/log_manager.go:151.28,152.61 1 0
run-script-service/service/log_manager.go:152.61,155.4 2 0
run-script-service/service/log_manager.go:156.8,158.37 1 0
run-script-service/service/log_manager.go:158.37,161.4 2 0
run-script-service/service/log_manager.go:165.2,166.25 2 0
run-script-service/service/log_manager.go:166.25,167.42 1 0
run-script-service/service/log_manager.go:167.42,169.4 1 0
run-script-service/service/log_manager.go:173.2,173.52 1 0
run-script-service/service/log_manager.go:173.52,175.3 1 0
run-script-service/service/log_manager.go:177.2,177.22 1 0
run-script-service/service/log_manager.go:181.75,183.74 1 0
run-script-service/service/log_manager.go:183.74,185.3 1 0
run-script-service/service/log_manager.go:186.2,186.69 1 0
run-script-service/service/log_manager.go:186.69,188.3 1 0
run-script-service/service/log_manager.go:191.2,191.64 1 0
run-script-service/service/log_manager.go:191.64,193.3 1 0
run-script-service/service/log_manager.go:195.2,195.13 1 0
run-script-service/service/log_manager.go:199.44,200.55 1 1
run-script-service/service/log_manager.go:200.55,202.3 1 1
run-script-service/service/log_manager.go:204.2,205.16 2 0
run-script-service/service/log_manager.go:205.16,207.3 1 0
run-script-service/service/log_manager.go:208.2,217.21 6 0
run-script-service/service/log_manager.go:217.21,220.67 2 0
run-script-service/service/log_manager.go:220.67,222.27 1 0
run-script-service/service/log_manager.go:222.27,227.5 4 0
run-script-service/service/log_manager.go:228.9,228.80 1 0
run-script-service/service/log_manager.go:228.80,242.4 4 0
run-script-service/service/log_manager.go:242.9,242.72 1 0
run-script-service/service/log_manager.go:242.72,246.4 2 0
run-script-service/service/log_manager.go:246.9,246.87 1 0
run-script-service/service/log_manager.go:246.87,249.4 1 0
run-script-service/service/log_manager.go:253.2,253.25 1 0
run-script-service/service/log_manager.go:253.25,256.3 2 0
run-script-service/service/log_manager.go:259.2,259.35 1 0
run-script-service/service/log_manager.go:259.35,261.3 1 0
run-script-service/service/log_manager.go:265.58,269.54 3 0
run-script-service/service/log_manager.go:269.54,271.3 1 0
run-script-service/service/log_manager.go:273.2,273.56 1 0
run-script-service/service/log_manager.go:277.46,285.51 4 0
run-script-service/service/log_manager.go:285.51,287.3 1 0
run-script-service/service/log_manager.go:289.2,289.12 1 0
run-script-service/service/monitor.go:22.42,25.2 2 1
run-script-service/service/monitor.go:34.40,38.2 1 1
run-script-service/service/monitor.go:40.54,44.2 3 1
run-script-service/service/monitor.go:46.56,50.2 3 1
run-script-service/service/monitor.go:52.69,64.25 8 1
run-script-service/service/monitor.go:64.25,66.3 1 0
run-script-service/service/monitor.go:69.2,81.8 3 1
run-script-service/service/monitor.go:84.49,87.16 3 1
run-script-service/service/monitor.go:87.16,89.3 1 0
run-script-service/service/monitor.go:91.2,95.16 4 1
run-script-service/service/monitor.go:95.16,97.3 1 0
run-script-service/service/monitor.go:99.2,99.45 1 1
run-script-service/service/monitor.go:102.48,107.2 1 1
run-script-service/service/monitor.go:110.45,122.14 8 0
run-script-service/service/monitor.go:122.14,124.3 1 0
run-script-service/service/monitor.go:124.8,124.22 1 0
run-script-service/service/monitor.go:124.22,126.3 1 0
run-script-service/service/monitor.go:126.8,128.3 1 0
run-script-service/service/monitor.go:135.123,139.6 3 1
run-script-service/service/monitor.go:139.6,140.10 1 1
run-script-service/service/monitor.go:141.21,142.10 1 1
run-script-service/service/monitor.go:143.19,145.18 2 1
run-script-service/service/monitor.go:145.18,146.13 1 0
run-script-service/service/monitor.go:150.4,159.37 2 1
run-script-service/service/script_manager.go:19.61,24.2 1 1
run-script-service/service/script_manager.go:27.88,33.2 1 0
run-script-service/service/script_manager.go:36.78,41.43 3 1
run-script-service/service/script_manager.go:41.43,43.3 1 0
run-script-service/service/script_manager.go:46.2,47.39 2 1
run-script-service/service/script_manager.go:47.39,48.22 1 1
run-script-service/service/script_manager.go:48.22,50.9 2 1
run-script-service/service/script_manager.go:54.2,54.25 1 1
run-script-service/service/script_manager.go:54.25,56.3 1 1
run-script-service/service/script_manager.go:59.2,64.12 4 1
run-script-service/service/script_manager.go:64.12,70.3 4 1
run-script-service/service/script_manager.go:72.2,72.12 1 1
run-script-service/service/script_manager.go:76.56,81.13 4 1
run-script-service/service/script_manager.go:81.13,83.3 1 1
run-script-service/service/script_manager.go:85.2,87.12 3 1
run-script-service/service/script_manager.go:91.69,92.49 1 1
run-script-service/service/script_manager.go:92.49,93.27 1 1
run-script-service/service/script_manager.go:93.27,94.65 1 1
run-script-service/service/script_manager.go:94.65,96.5 1 0
run-script-service/service/script_manager.go:99.2,99.12 1 1
run-script-service/service/script_manager.go:103.36,107.39 3 1
run-script-service/service/script_manager.go:107.39,110.3 2 1
run-script-service/service/script_manager.go:114.55,119.31 4 0
run-script-service/service/script_manager.go:119.31,121.3 1 0
run-script-service/service/script_manager.go:122.2,122.16 1 0
run-script-service/service/script_manager.go:126.60,132.2 4 1
run-script-service/service/script_manager.go:135.53,137.2 1 0
run-script-service/service/script_manager.go:140.45,141.25 1 0
run-script-service/service/script_manager.go:141.25,143.3 1 0
run-script-service/service/script_manager.go:144.2,144.52 1 0
run-script-service/service/script_manager.go:148.69,153.45 3 0
run-script-service/service/script_manager.go:153.45,154.41 1 0
run-script-service/service/script_manager.go:154.41,156.4 1 0
run-script-service/service/script_manager.go:160.2,161.12 2 0
run-script-service/service/script_manager.go:165.80,171.39 4 0
run-script-service/service/script_manager.go:171.39,172.22 1 0
run-script-service/service/script_manager.go:172.22,174.9 2 0
run-script-service/service/script_manager.go:178.2,178.25 1 0
run-script-service/service/script_manager.go:178.25,180.3 1 0
run-script-service/service/script_manager.go:183.2,186.28 3 0
run-script-service/service/script_manager.go:190.58,195.39 3 0
run-script-service/service/script_manager.go:195.39,196.22 1 0
run-script-service/service/script_manager.go:196.22,199.4 2 0
run-script-service/service/script_manager.go:202.2,202.65 1 0
run-script-service/service/script_manager.go:206.59,211.39 3 0
run-script-service/service/script_manager.go:211.39,212.22 1 0
run-script-service/service/script_manager.go:212.22,215.4 2 0
run-script-service/service/script_manager.go:218.2,218.65 1 0
run-script-service/service/script_manager.go:222.86,227.39 3 1
run-script-service/service/script_manager.go:227.39,228.22 1 1
run-script-service/service/script_manager.go:228.22,233.4 3 1
run-script-service/service/script_manager.go:236.2,236.65 1 1
run-script-service/service/script_manager.go:240.58,245.48 3 1
run-script-service/service/script_manager.go:245.48,248.3 2 1
run-script-service/service/script_manager.go:251.2,253.39 3 1
run-script-service/service/script_manager.go:253.39,254.22 1 1
run-script-service/service/script_manager.go:254.22,256.4 1 1
run-script-service/service/script_manager.go:256.9,258.4 1 1
run-script-service/service/script_manager.go:261.2,261.12 1 1
run-script-service/service/script_manager.go:261.12,263.3 1 1
run-script-service/service/script_manager.go:265.2,266.12 2 1
run-script-service/service/script_runner.go:17.82,21.2 1 1
run-script-service/service/script_runner.go:24.73,28.2 1 1
run-script-service/service/script_runner.go:31.78,33.16 2 0
run-script-service/service/script_runner.go:33.16,35.3 1 0
run-script-service/service/script_runner.go:36.2,36.26 1 0
run-script-service/service/script_runner.go:36.26,38.3 1 0
run-script-service/service/script_runner.go:39.2,39.12 1 0
run-script-service/service/script_runner.go:43.108,45.9 1 1
run-script-service/service/script_runner.go:46.20,47.24 1 0
run-script-service/service/script_runner.go:48.10,48.10 0 1
run-script-service/service/script_runner.go:52.2,55.12 2 1
run-script-service/service/script_runner.go:55.12,58.3 2 1
run-script-service/service/script_runner.go:61.2,61.9 1 1
run-script-service/service/script_runner.go:62.20,63.24 1 1
run-script-service/service/script_runner.go:64.30,65.21 1 1
run-script-service/service/script_runner.go:82.73,90.2 1 1
run-script-service/service/script_runner.go:93.95,101.2 1 1
run-script-service/service/script_runner.go:104.124,112.2 1 1
run-script-service/service/script_runner.go:115.52,117.16 2 1
run-script-service/service/script_runner.go:117.16,120.3 2 0
run-script-service/service/script_runner.go:123.2,131.15 6 1
run-script-service/service/script_runner.go:131.15,136.3 4 1
run-script-service/service/script_runner.go:139.2,139.43 1 1
run-script-service/service/script_runner.go:139.43,142.3 1 1
run-script-service/service/script_runner.go:145.2,145.6 1 1
run-script-service/service/script_runner.go:145.6,146.10 1 1
run-script-service/service/script_runner.go:147.24,148.10 1 1
run-script-service/service/script_runner.go:149.22,150.45 1 0
run-script-service/service/script_runner.go:150.45,153.5 1 0
run-script-service/service/script_runner.go:159.32,163.36 3 1
run-script-service/service/script_runner.go:163.36,165.3 1 1
run-script-service/service/script_runner.go:169.76,173.32 2 1
run-script-service/service/script_runner.go:173.32,176.3 2 1
run-script-service/service/script_runner.go:179.2,179.27 1 1
run-script-service/service/script_runner.go:179.27,183.3 3 1
run-script-service/service/script_runner.go:186.2,190.26 3 1
run-script-service/service/script_runner.go:190.26,191.17 1 1
run-script-service/service/script_runner.go:191.17,193.34 1 0
run-script-service/service/script_runner.go:193.34,196.5 2 0
run-script-service/service/script_runner.go:197.4,197.14 1 0
run-script-service/service/script_runner.go:201.3,212.57 3 1
run-script-service/service/script_runner.go:212.57,215.4 1 0
run-script-service/service/script_runner.go:218.3,218.33 1 1
run-script-service/service/script_runner.go:218.33,219.28 1 0
run-script-service/service/script_runner.go:219.28,222.5 2 0
run-script-service/service/script_runner.go:222.10,225.5 2 0
run-script-service/service/script_runner.go:228.3,228.27 1 1
run-script-service/service/script_runner.go:228.27,230.4 1 0
run-script-service/service/script_runner.go:231.3,231.13 1 1
run-script-service/service/script_runner.go:235.2,235.16 1 1
run-script-service/service/script_runner.go:235.16,237.33 1 1
run-script-service/service/script_runner.go:237.33,240.4 2 0
run-script-service/service/script_runner.go:241.3,241.13 1 1
run-script-service/service/script_runner.go:245.2,245.32 1 1
run-script-service/service/script_runner.go:245.32,246.27 1 1
run-script-service/service/script_runner.go:246.27,249.4 2 1
run-script-service/service/script_runner.go:249.9,252.4 2 1
run-script-service/service/script_runner.go:256.2,256.26 1 1
run-script-service/service/script_runner.go:256.26,258.3 1 1
run-script-service/service/script_runner.go:259.2,259.12 1 1
run-script-service/service/script_runner.go:263.42,267.2 3 1
run-script-service/service/script_runner.go:270.50,272.2 1 0
run-script-service/service/service.go:24.80,38.58 4 1
run-script-service/service/service.go:38.58,41.3 1 0
run-script-service/service/service.go:43.2,43.10 1 1
run-script-service/service/service.go:47.51,49.60 2 1
run-script-service/service/service.go:49.60,51.3 1 0
run-script-service/service/service.go:52.2,53.12 2 1
run-script-service/service/service.go:57.46,67.6 6 1
run-script-service/service/service.go:67.6,68.10 1 1
run-script-service/service/service.go:69.21,71.10 2 0
run-script-service/service/service.go:72.23,74.10 2 1
run-script-service/service/service.go:75.19,76.17 1 1
run-script-service/service/service.go:76.17,78.5 1 1
run-script-service/service/service.go:84.26,87.2 2 1
run-script-service/service/service.go:90.32,96.2 5 1
run-script-service/service/service.go:99.35,103.2 2 1
run-script-service/service/service.go:106.41,107.18 1 1
run-script-service/service/service.go:107.18,109.3 1 1
run-script-service/service/service.go:109.8,109.27 1 1
run-script-service/service/service.go:109.27,111.3 1 1
run-script-service/service/service.go:111.8,113.3 1 1
