mode: set
run-script-service/main.go:30.112,33.19 2 0
run-script-service/main.go:33.19,35.3 1 0
run-script-service/main.go:37.2,39.17 2 0
run-script-service/main.go:40.13,43.21 2 0
run-script-service/main.go:44.22,45.21 1 0
run-script-service/main.go:45.21,48.4 1 0
run-script-service/main.go:49.3,50.17 2 0
run-script-service/main.go:50.17,53.4 1 0
run-script-service/main.go:54.3,54.51 1 0
run-script-service/main.go:54.51,57.4 1 0
run-script-service/main.go:58.3,58.53 1 0
run-script-service/main.go:59.21,61.53 2 0
run-script-service/main.go:62.20,63.47 1 0
run-script-service/main.go:64.22,65.39 1 0
run-script-service/main.go:66.23,67.21 1 0
run-script-service/main.go:67.21,70.4 1 0
run-script-service/main.go:71.3,71.49 1 0
run-script-service/main.go:72.24,73.21 1 0
run-script-service/main.go:73.21,76.4 1 0
run-script-service/main.go:77.3,77.50 1 0
run-script-service/main.go:78.23,79.21 1 0
run-script-service/main.go:79.21,82.4 1 0
run-script-service/main.go:83.3,83.49 1 0
run-script-service/main.go:84.20,85.21 1 0
run-script-service/main.go:85.21,88.4 1 0
run-script-service/main.go:89.3,89.46 1 0
run-script-service/main.go:90.14,91.42 1 0
run-script-service/main.go:92.20,93.47 1 0
run-script-service/main.go:94.22,95.21 1 0
run-script-service/main.go:95.21,98.4 1 0
run-script-service/main.go:99.3,99.47 1 0
run-script-service/main.go:100.16,101.20 1 0
run-script-service/main.go:101.20,104.4 1 0
run-script-service/main.go:105.3,105.50 1 0
run-script-service/main.go:106.10,110.89 2 0
run-script-service/main.go:114.13,117.16 2 0
run-script-service/main.go:117.16,119.3 1 0
run-script-service/main.go:119.8,121.3 1 0
run-script-service/main.go:123.2,129.16 6 0
run-script-service/main.go:129.16,132.3 2 0
run-script-service/main.go:134.2,134.19 1 0
run-script-service/main.go:134.19,136.3 1 0
run-script-service/main.go:140.104,142.16 2 0
run-script-service/main.go:142.16,144.3 1 0
run-script-service/main.go:146.2,146.29 1 0
run-script-service/main.go:146.29,147.21 1 0
run-script-service/main.go:147.21,150.18 2 0
run-script-service/main.go:150.18,152.5 1 0
run-script-service/main.go:153.9,156.18 2 0
run-script-service/main.go:156.18,158.5 1 0
run-script-service/main.go:162.2,162.15 1 0
run-script-service/main.go:165.39,175.12 6 0
run-script-service/main.go:175.12,178.3 2 0
run-script-service/main.go:181.2,181.9 1 0
run-script-service/main.go:182.17,186.9 4 0
run-script-service/main.go:187.14,187.14 0 0
run-script-service/main.go:200.111,202.16 2 0
run-script-service/main.go:202.16,204.3 1 0
run-script-service/main.go:206.2,207.29 2 0
run-script-service/main.go:212.80,215.16 3 0
run-script-service/main.go:215.16,217.3 1 0
run-script-service/main.go:220.2,220.25 1 0
run-script-service/main.go:220.25,222.3 1 0
run-script-service/main.go:224.2,224.21 1 0
run-script-service/main.go:227.47,229.19 2 0
run-script-service/main.go:229.19,231.3 1 0
run-script-service/main.go:234.66,236.16 2 0
run-script-service/main.go:236.16,239.3 2 0
run-script-service/main.go:242.2,250.16 6 0
run-script-service/main.go:250.16,254.3 3 0
run-script-service/main.go:256.2,260.9 3 0
run-script-service/main.go:261.17,262.42 1 0
run-script-service/main.go:263.44,265.52 1 0
run-script-service/main.go:269.2,273.10 4 0
run-script-service/main.go:278.70,280.16 2 0
run-script-service/main.go:280.16,282.3 1 0
run-script-service/main.go:286.2,286.12 1 0
run-script-service/main.go:289.53,290.23 1 1
run-script-service/main.go:290.23,292.3 1 1
run-script-service/main.go:294.2,298.16 4 1
run-script-service/main.go:298.16,301.22 2 1
run-script-service/main.go:301.22,303.4 1 1
run-script-service/main.go:304.3,304.17 1 0
run-script-service/main.go:304.17,306.4 1 0
run-script-service/main.go:307.3,307.21 1 0
run-script-service/main.go:310.2,310.16 1 1
run-script-service/main.go:311.11,312.16 1 1
run-script-service/main.go:312.16,314.4 1 1
run-script-service/main.go:315.3,315.20 1 1
run-script-service/main.go:316.11,317.16 1 1
run-script-service/main.go:317.16,319.4 1 0
run-script-service/main.go:320.3,320.25 1 1
run-script-service/main.go:321.11,322.16 1 1
run-script-service/main.go:322.16,324.4 1 0
run-script-service/main.go:325.3,325.27 1 1
run-script-service/main.go:326.10,329.17 2 1
run-script-service/main.go:329.17,331.4 1 1
run-script-service/main.go:332.3,332.17 1 1
run-script-service/main.go:332.17,334.4 1 1
run-script-service/main.go:335.3,335.21 1 1
run-script-service/main.go:340.65,343.27 2 0
run-script-service/main.go:343.27,344.36 1 0
run-script-service/main.go:344.36,345.12 1 0
run-script-service/main.go:348.3,349.22 2 0
run-script-service/main.go:349.22,351.4 1 0
run-script-service/main.go:353.3,353.29 1 0
run-script-service/main.go:357.2,358.31 2 0
run-script-service/main.go:358.31,359.31 1 0
run-script-service/main.go:359.31,361.4 1 0
run-script-service/main.go:364.2,364.19 1 0
run-script-service/main.go:368.79,370.16 2 0
run-script-service/main.go:370.16,372.3 1 0
run-script-service/main.go:375.2,376.16 2 0
run-script-service/main.go:376.16,378.3 1 0
run-script-service/main.go:381.2,382.43 2 0
run-script-service/main.go:382.43,383.75 1 0
run-script-service/main.go:383.75,385.4 1 0
run-script-service/main.go:388.2,389.37 2 0
run-script-service/main.go:389.37,390.76 1 0
run-script-service/main.go:390.76,392.4 1 0
run-script-service/main.go:396.2,398.16 3 0
run-script-service/main.go:398.16,400.3 1 0
run-script-service/main.go:403.2,403.40 1 0
run-script-service/main.go:403.40,404.35 1 0
run-script-service/main.go:404.35,406.4 1 0
run-script-service/main.go:410.2,419.61 2 0
run-script-service/main.go:419.61,421.3 1 0
run-script-service/main.go:423.2,427.16 3 0
run-script-service/main.go:427.16,429.3 1 0
run-script-service/main.go:431.2,432.52 2 0
run-script-service/main.go:436.66,439.16 3 0
run-script-service/main.go:439.16,441.3 1 0
run-script-service/main.go:443.2,443.30 1 0
run-script-service/main.go:443.30,446.3 2 0
run-script-service/main.go:448.2,451.40 3 0
run-script-service/main.go:451.40,453.21 2 0
run-script-service/main.go:453.21,455.4 1 0
run-script-service/main.go:457.3,458.25 2 0
run-script-service/main.go:458.25,460.4 1 0
run-script-service/main.go:462.3,463.84 1 0
run-script-service/main.go:466.2,466.52 1 0
run-script-service/main.go:470.92,473.16 3 0
run-script-service/main.go:473.16,475.3 1 0
run-script-service/main.go:477.2,478.40 2 0
run-script-service/main.go:478.40,479.32 1 0
run-script-service/main.go:479.32,482.9 3 0
run-script-service/main.go:486.2,486.12 1 0
run-script-service/main.go:486.12,488.3 1 0
run-script-service/main.go:490.2,491.16 2 0
run-script-service/main.go:491.16,493.3 1 0
run-script-service/main.go:495.2,496.12 2 0
run-script-service/main.go:496.12,498.3 1 0
run-script-service/main.go:499.2,500.52 2 0
run-script-service/main.go:504.79,506.2 1 0
run-script-service/main.go:509.80,511.2 1 0
run-script-service/main.go:514.79,517.16 3 0
run-script-service/main.go:517.16,519.3 1 0
run-script-service/main.go:521.2,523.40 3 0
run-script-service/main.go:523.40,524.32 1 0
run-script-service/main.go:524.32,526.4 1 0
run-script-service/main.go:526.9,528.4 1 0
run-script-service/main.go:531.2,531.12 1 0
run-script-service/main.go:531.12,533.3 1 0
run-script-service/main.go:535.2,538.16 3 0
run-script-service/main.go:538.16,540.3 1 0
run-script-service/main.go:542.2,543.52 2 0
run-script-service/main.go:547.76,550.16 3 0
run-script-service/main.go:550.16,552.3 1 0
run-script-service/main.go:554.2,555.40 2 0
run-script-service/main.go:555.40,556.32 1 0
run-script-service/main.go:556.32,558.9 2 0
run-script-service/main.go:562.2,562.25 1 0
run-script-service/main.go:562.25,564.3 1 0
run-script-service/main.go:567.2,572.16 5 0
run-script-service/main.go:572.16,574.3 1 0
run-script-service/main.go:574.8,576.3 1 0
run-script-service/main.go:578.2,578.52 1 0
run-script-service/main.go:582.65,584.16 2 0
run-script-service/main.go:584.16,586.3 1 0
run-script-service/main.go:589.2,590.16 2 0
run-script-service/main.go:590.16,592.3 1 0
run-script-service/main.go:592.8,594.3 1 0
run-script-service/main.go:595.2,603.43 4 0
run-script-service/main.go:603.43,605.3 1 0
run-script-service/main.go:607.2,607.44 1 0
run-script-service/main.go:607.44,609.22 2 0
run-script-service/main.go:609.22,611.4 1 0
run-script-service/main.go:612.3,612.25 1 0
run-script-service/main.go:615.2,615.37 1 0
run-script-service/main.go:615.37,617.22 2 0
run-script-service/main.go:617.22,619.4 1 0
run-script-service/main.go:620.3,620.25 1 0
run-script-service/main.go:624.2,625.16 2 0
run-script-service/main.go:625.16,627.3 1 0
run-script-service/main.go:630.2,630.23 1 0
run-script-service/main.go:630.23,632.3 1 0
run-script-service/main.go:632.8,634.33 2 0
run-script-service/main.go:634.33,640.26 2 0
run-script-service/main.go:640.26,642.5 1 0
run-script-service/main.go:643.4,643.26 1 0
run-script-service/main.go:643.26,645.5 1 0
run-script-service/main.go:646.4,646.17 1 0
run-script-service/main.go:650.2,650.52 1 0
run-script-service/main.go:654.70,656.16 2 0
run-script-service/main.go:656.16,658.3 1 0
run-script-service/main.go:660.2,661.9 2 0
run-script-service/main.go:661.9,664.3 1 0
run-script-service/main.go:667.2,668.16 2 0
run-script-service/main.go:668.16,670.3 1 0
run-script-service/main.go:670.8,672.3 1 0
run-script-service/main.go:673.2,678.60 3 0
run-script-service/main.go:678.60,681.3 2 0
run-script-service/main.go:683.2,684.16 2 0
run-script-service/main.go:684.16,686.3 1 0
run-script-service/main.go:688.2,689.52 2 0
run-script-service/main.go:693.62,696.27 2 0
run-script-service/main.go:696.27,697.21 1 0
run-script-service/main.go:697.21,699.12 1 0
run-script-service/main.go:702.3,702.35 1 0
run-script-service/main.go:702.35,704.23 2 0
run-script-service/main.go:704.23,706.5 1 0
run-script-service/main.go:706.10,708.5 1 0
run-script-service/main.go:709.9,711.4 1 0
run-script-service/main.go:714.2,714.19 1 0
run-script-service/main.go:718.74,720.16 2 0
run-script-service/main.go:720.16,722.3 1 0
run-script-service/main.go:724.2,724.30 1 0
run-script-service/main.go:724.30,726.3 1 0
run-script-service/main.go:729.2,731.16 3 0
run-script-service/main.go:731.16,733.3 1 0
run-script-service/main.go:736.2,740.16 3 0
run-script-service/main.go:740.16,742.3 1 0
run-script-service/main.go:744.2,745.52 2 0
run-script-service/main.go:757.135,761.16 3 0
run-script-service/main.go:761.16,763.3 1 0
run-script-service/main.go:766.2,767.16 2 0
run-script-service/main.go:767.16,769.3 1 0
run-script-service/main.go:769.8,771.3 1 0
run-script-service/main.go:774.2,787.21 6 0
run-script-service/main.go:787.21,790.3 1 0
run-script-service/main.go:793.2,800.54 7 0
run-script-service/main.go:804.54,806.16 2 0
run-script-service/main.go:806.16,809.3 2 0
run-script-service/main.go:812.2,813.21 2 0
run-script-service/main.go:813.21,819.3 5 0
run-script-service/main.go:822.2,830.16 6 0
run-script-service/main.go:830.16,834.3 3 0
run-script-service/main.go:836.2,842.16 5 0
run-script-service/main.go:842.16,844.3 1 0
run-script-service/main.go:844.8,846.3 1 0
run-script-service/main.go:849.2,849.12 1 0
run-script-service/main.go:849.12,850.43 1 0
run-script-service/main.go:850.43,853.4 2 0
run-script-service/main.go:857.2,864.32 5 0
run-script-service/main.go:869.54,871.66 1 0
run-script-service/main.go:871.66,872.56 1 0
run-script-service/main.go:872.56,874.4 1 0
run-script-service/main.go:875.8,875.53 1 0
run-script-service/main.go:875.53,878.3 1 0
run-script-service/main.go:881.2,883.16 3 0
run-script-service/main.go:883.16,885.3 1 0
run-script-service/main.go:888.2,888.27 1 0
run-script-service/main.go:888.27,890.3 1 0
run-script-service/main.go:893.2,893.70 1 0
run-script-service/main.go:893.70,895.3 1 0
run-script-service/main.go:899.2,899.66 1 0
run-script-service/main.go:899.66,900.58 1 0
run-script-service/main.go:900.58,901.58 1 0
run-script-service/main.go:901.58,903.5 1 0
run-script-service/main.go:907.2,908.37 2 0
run-script-service/main.go:908.37,910.3 1 0
run-script-service/main.go:912.2,912.13 1 0
run-script-service/main.go:916.65,917.19 1 0
run-script-service/main.go:917.19,919.3 1 0
run-script-service/main.go:922.2,922.40 1 0
run-script-service/main.go:922.40,923.24 1 0
run-script-service/main.go:923.24,925.4 1 0
run-script-service/main.go:926.3,926.24 1 0
run-script-service/main.go:926.24,928.4 1 0
run-script-service/main.go:929.3,929.27 1 0
run-script-service/main.go:929.27,931.4 1 0
run-script-service/main.go:934.2,934.12 1 0
run-script-service/main.go:938.30,940.16 2 0
run-script-service/main.go:940.16,942.3 1 0
run-script-service/main.go:942.8,944.3 1 0
run-script-service/main.go:945.2,945.53 1 0
run-script-service/main.go:948.34,951.2 2 0
run-script-service/main.go:953.33,956.16 3 0
run-script-service/main.go:956.16,958.3 1 0
run-script-service/main.go:959.2,959.54 1 0
run-script-service/main.go:962.28,965.2 2 0
run-script-service/main.go:967.37,969.16 2 0
run-script-service/main.go:969.16,971.3 1 0
run-script-service/main.go:972.2,973.19 2 0
run-script-service/main.go:977.80,978.20 1 0
run-script-service/main.go:979.15,980.39 1 0
run-script-service/main.go:981.14,982.28 1 0
run-script-service/main.go:983.16,984.30 1 0
run-script-service/main.go:985.17,986.41 1 0
run-script-service/main.go:987.14,988.28 1 0
run-script-service/main.go:989.10,991.118 1 0
run-script-service/main.go:996.66,998.68 1 0
run-script-service/main.go:998.68,1001.3 1 0
run-script-service/main.go:1004.2,1005.16 2 0
run-script-service/main.go:1005.16,1008.3 1 0
run-script-service/main.go:1011.2,1014.53 2 0
run-script-service/main.go:1014.53,1017.3 2 0
run-script-service/main.go:1020.2,1022.16 3 0
run-script-service/main.go:1022.16,1025.3 1 0
run-script-service/main.go:1026.2,1038.16 8 0
run-script-service/main.go:1038.16,1041.3 1 0
run-script-service/main.go:1044.2,1045.16 2 0
run-script-service/main.go:1045.16,1049.3 2 0
run-script-service/main.go:1051.2,1055.52 4 0
run-script-service/main.go:1059.48,1061.16 2 0
run-script-service/main.go:1061.16,1062.25 1 0
run-script-service/main.go:1062.25,1064.4 1 0
run-script-service/main.go:1065.3,1065.96 1 0
run-script-service/main.go:1068.2,1068.28 1 0
run-script-service/main.go:1068.28,1071.3 2 0
run-script-service/main.go:1073.2,1074.16 2 0
run-script-service/main.go:1074.16,1076.3 1 0
run-script-service/main.go:1079.2,1080.16 2 0
run-script-service/main.go:1080.16,1082.3 1 0
run-script-service/main.go:1085.2,1088.27 2 0
run-script-service/main.go:1088.27,1090.17 2 0
run-script-service/main.go:1090.17,1092.4 1 0
run-script-service/main.go:1093.3,1093.38 1 0
run-script-service/main.go:1094.8,1096.3 1 0
run-script-service/main.go:1099.2,1101.52 2 0
run-script-service/main.go:1105.50,1107.16 2 0
run-script-service/main.go:1107.16,1108.25 1 0
run-script-service/main.go:1108.25,1111.4 2 0
run-script-service/main.go:1112.3,1112.96 1 0
run-script-service/main.go:1115.2,1115.27 1 0
run-script-service/main.go:1115.27,1118.3 2 0
run-script-service/main.go:1118.8,1121.3 2 0
run-script-service/main.go:1123.2,1123.52 1 0
run-script-service/main.go:1127.68,1130.65 2 0
run-script-service/main.go:1130.65,1132.3 1 0
run-script-service/main.go:1135.2,1138.38 2 0
run-script-service/main.go:1142.48,1144.16 2 0
run-script-service/main.go:1144.16,1146.3 1 0
run-script-service/main.go:1146.8,1148.3 1 0
run-script-service/main.go:1150.2,1153.52 2 0
run-script-service/main.go:1153.52,1156.3 2 0
run-script-service/main.go:1159.2,1160.16 2 0
run-script-service/main.go:1160.16,1162.3 1 0
run-script-service/main.go:1164.2,1164.23 1 0
run-script-service/main.go:1164.23,1166.3 1 0
run-script-service/main.go:1166.8,1168.3 1 0
run-script-service/main.go:1170.2,1170.52 1 0
run-script-service/main.go:1174.48,1179.87 3 0
run-script-service/main.go:1179.87,1181.3 1 0
run-script-service/main.go:1184.2,1184.72 1 0
run-script-service/main.go:1184.72,1187.3 2 0
run-script-service/main.go:1190.2,1191.16 2 0
run-script-service/main.go:1191.16,1193.3 1 0
run-script-service/main.go:1195.2,1195.21 1 0
run-script-service/main.go:1195.21,1198.3 2 0
run-script-service/main.go:1201.2,1203.16 3 0
run-script-service/main.go:1203.16,1205.3 1 0
run-script-service/main.go:1207.2,1208.16 2 0
run-script-service/main.go:1208.16,1210.3 1 0
run-script-service/main.go:1212.2,1212.53 1 0
run-script-service/main.go:1212.53,1215.3 2 0
run-script-service/main.go:1217.2,1218.12 2 0
run-script-service/main.go:1222.46,1228.16 4 0
run-script-service/main.go:1228.16,1230.3 1 0
run-script-service/main.go:1232.2,1232.54 1 0
run-script-service/main.go:1232.54,1234.3 1 0
run-script-service/main.go:1237.2,1238.59 2 0
run-script-service/main.go:1238.59,1240.78 2 0
run-script-service/main.go:1240.78,1242.4 1 0
run-script-service/main.go:1246.2,1247.75 2 0
run-script-service/main.go:1247.75,1249.3 1 0
run-script-service/main.go:1251.2,1252.12 2 0
run-script-service/main.go:1256.73,1263.2 5 0
run-script-service/main.go:1266.66,1268.73 2 0
run-script-service/main.go:1268.73,1270.3 1 0
run-script-service/main.go:1272.2,1273.9 2 0
run-script-service/main.go:1273.9,1275.3 1 0
run-script-service/main.go:1277.2,1278.15 2 0
run-script-service/main.go:1278.15,1280.3 1 0
run-script-service/main.go:1283.2,1284.48 2 0
run-script-service/main.go:1288.86,1291.16 3 0
run-script-service/main.go:1291.16,1293.3 1 0
run-script-service/main.go:1294.2,1294.20 1 0
run-script-service/main.go:1298.33,1301.16 3 0
run-script-service/main.go:1301.16,1304.3 1 0
run-script-service/main.go:1305.2,1305.34 1 0
